<?xml version="1.0" encoding="UTF-8"?>
<testng-results ignored="0" total="3" passed="3" failed="0" skipped="0">
  <reporter-output>
  </reporter-output>
  <suite started-at="2024-03-08T12:17:06 EST" name="Default suite" finished-at="2024-03-08T12:17:09 EST" duration-ms="3353">
    <groups>
    </groups>
    <test started-at="2024-03-08T12:17:06 EST" name="Default test" finished-at="2024-03-08T12:17:09 EST" duration-ms="3353">
      <class name="files.DynamicJson">
        <test-method signature="addBook(java.lang.String,java.lang.String)[pri:0, instance:files.DynamicJson@47e2e487]" started-at="2024-03-08T12:17:06 EST" name="addBook" data-provider="BooksData" finished-at="2024-03-08T12:17:08 EST" duration-ms="2099" status="PASS">
          <params>
            <param index="0">
              <value>
                <![CDATA[hdgdh]]>
              </value>
            </param>
            <param index="1">
              <value>
                <![CDATA[980]]>
              </value>
            </param>
          </params>
          <reporter-output>
          </reporter-output>
        </test-method> <!-- addBook -->
        <test-method signature="addBook(java.lang.String,java.lang.String)[pri:0, instance:files.DynamicJson@47e2e487]" started-at="2024-03-08T12:17:08 EST" name="addBook" data-provider="BooksData" finished-at="2024-03-08T12:17:09 EST" duration-ms="611" status="PASS">
          <params>
            <param index="0">
              <value>
                <![CDATA[lkjh]]>
              </value>
            </param>
            <param index="1">
              <value>
                <![CDATA[870]]>
              </value>
            </param>
          </params>
          <reporter-output>
          </reporter-output>
        </test-method> <!-- addBook -->
        <test-method signature="addBook(java.lang.String,java.lang.String)[pri:0, instance:files.DynamicJson@47e2e487]" started-at="2024-03-08T12:17:09 EST" name="addBook" data-provider="BooksData" finished-at="2024-03-08T12:17:09 EST" duration-ms="598" status="PASS">
          <params>
            <param index="0">
              <value>
                <![CDATA[kdjd]]>
              </value>
            </param>
            <param index="1">
              <value>
                <![CDATA[567]]>
              </value>
            </param>
          </params>
          <reporter-output>
          </reporter-output>
        </test-method> <!-- addBook -->
      </class> <!-- files.DynamicJson -->
    </test> <!-- Default test -->
  </suite> <!-- Default suite -->
</testng-results>
